Arguments: 
  /Users/thaivu/.nvm/versions/node/v15.6.0/bin/node /Users/thaivu/.yarn/bin/yarn.js add @pris

PATH: 
  /Users/thaivu/.rvm/gems/ruby-3.0.0/bin:/Users/thaivu/.rvm/gems/ruby-3.0.0@global/bin:/Users/thaivu/.rvm/rubies/ruby-3.0.0/bin:/Users/thaivu/.deno/bin:/Users/thaivu/.yarn/bin:/Users/thaivu/.config/yarn/global/node_modules/.bin:/Users/thaivu/.nvm/versions/node/v15.6.0/bin:/Users/thaivu/.cabal/bin:/Users/thaivu/.ghcup/bin:/usr/local/bin/:/usr/local/bin:/usr/bin:/bin:/usr/sbin:/sbin:/usr/local/go/bin:/usr/local/share/dotnet:~/.dotnet/tools:/Library/Apple/usr/bin:/Users/thaivu/.rvm/gems/ruby-3.0.0/bin:/Users/thaivu/.rvm/gems/ruby-3.0.0@global/bin:/Users/thaivu/.rvm/rubies/ruby-3.0.0/bin:/Users/thaivu/.deno/bin:/Users/thaivu/.yarn/bin:/Users/thaivu/.config/yarn/global/node_modules/.bin:/Users/thaivu/.nvm/versions/node/v15.6.0/bin:/Users/thaivu/.cabal/bin:/Users/thaivu/.ghcup/bin:/usr/local/bin/:/Users/thaivu/Library/Python/2.7/bin:/Users/thaivu/Library/Android/sdk/emulator:/Users/thaivu/Library/Android/sdk/tools:/Users/thaivu/Library/Android/sdk/tools/bin:/Users/thaivu/.android-sdk-macosx/platform-tools/:~/Developer/Resources/flutter/bin:/Users/thaivu/.rvm/bin:/Users/thaivu/Library/Python/2.7/bin:/Users/thaivu/Library/Android/sdk/emulator:/Users/thaivu/Library/Android/sdk/tools:/Users/thaivu/Library/Android/sdk/tools/bin:/Users/thaivu/.android-sdk-macosx/platform-tools/:~/Developer/Resources/flutter/bin:/Users/thaivu/.rvm/bin

Yarn version: 
  1.22.5

Node version: 
  15.6.0

Platform: 
  darwin x64

Trace: 
  Error: https://registry.yarnpkg.com/@pris: Request "https://registry.yarnpkg.com/@pris" returned a 405
      at Request.params.callback [as _callback] (/Users/thaivu/.yarn/lib/cli.js:66997:18)
      at Request.self.callback (/Users/thaivu/.yarn/lib/cli.js:140749:22)
      at Request.emit (node:events:379:20)
      at Request.<anonymous> (/Users/thaivu/.yarn/lib/cli.js:141721:10)
      at Request.emit (node:events:379:20)
      at IncomingMessage.<anonymous> (/Users/thaivu/.yarn/lib/cli.js:141643:12)
      at Object.onceWrapper (node:events:485:28)
      at IncomingMessage.emit (node:events:391:22)
      at endReadableNT (node:internal/streams/readable:1307:12)
      at processTicksAndRejections (node:internal/process/task_queues:81:21)

npm manifest: 
  {
    "name": "prisma-user-auth",
    "version": "1.0.0",
    "main": "backend/server.ts",
    "license": "MIT",
    "prisma": {
      "schema": "./backend/prisma/schema.prisma"
    }
  }

yarn manifest: 
  No manifest

Lockfile: 
  No lockfile
